[0.423s] Invoking command in '/home/mariamelsebaey/gp_ws/src/visual_servo_perception/build/perception_setup': CMAKE_PREFIX_PATH=${CMAKE_PREFIX_PATH}:/home/mariamelsebaey/gp_ws/install/moveit_configs_utils:/opt/ros/jazzy DEBUGINFOD_URLS=https://debuginfod.ubuntu.com /usr/bin/cmake /home/mariamelsebaey/gp_ws/src/visual_servo_perception/src/perception_setup -DCMAKE_INSTALL_PREFIX=/home/mariamelsebaey/gp_ws/src/visual_servo_perception/install/perception_setup
[4.025s] -- The C compiler identification is GNU 13.3.0
[5.443s] -- The CXX compiler identification is GNU 13.3.0
[5.657s] -- Detecting C compiler ABI info
[6.123s] -- Detecting C compiler ABI info - done
[6.134s] -- Check for working C compiler: /usr/bin/cc - skipped
[6.135s] -- Detecting C compile features
[6.135s] -- Detecting C compile features - done
[6.202s] -- Detecting CXX compiler ABI info
[6.368s] -- Detecting CXX compiler ABI info - done
[6.379s] -- Check for working CXX compiler: /usr/bin/c++ - skipped
[6.380s] -- Detecting CXX compile features
[6.380s] -- Detecting CXX compile features - done
[10.200s] -- Found ament_cmake: 2.5.4 (/opt/ros/jazzy/share/ament_cmake/cmake)
[10.626s] -- Found Python3: /usr/bin/python3 (found version "3.12.3") found components: Interpreter 
[11.056s] -- Found rclpy: 7.1.5 (/opt/ros/jazzy/share/rclpy/cmake)
[11.138s] -- Found sensor_msgs: 5.3.6 (/opt/ros/jazzy/share/sensor_msgs/cmake)
[13.115s] -- Found rosidl_generator_c: 4.6.6 (/opt/ros/jazzy/share/rosidl_generator_c/cmake)
[13.186s] -- Found rosidl_generator_cpp: 4.6.6 (/opt/ros/jazzy/share/rosidl_generator_cpp/cmake)
[14.191s] -- Using all available rosidl_typesupport_c: rosidl_typesupport_fastrtps_c;rosidl_typesupport_introspection_c
[14.270s] -- Using all available rosidl_typesupport_cpp: rosidl_typesupport_fastrtps_cpp;rosidl_typesupport_introspection_cpp
[14.948s] -- Found ament_lint_auto: 0.17.3 (/opt/ros/jazzy/share/ament_lint_auto/cmake)
[15.424s] -- Added test 'copyright' to check source files copyright and LICENSE
[15.428s] -- Added test 'flake8' to check Python code syntax and style conventions
[15.428s] -- Configured 'flake8' exclude dirs and/or files: 
[15.441s] -- Added test 'lint_cmake' to check CMake code style
[15.444s] -- Added test 'pep257' to check Python code against some of the docstring style conventions in PEP 257
[15.447s] -- Added test 'xmllint' to check XML markup files
[15.453s] -- Configuring done (13.7s)
[15.457s] -- Generating done (0.0s)
[15.480s] -- Build files have been written to: /home/mariamelsebaey/gp_ws/src/visual_servo_perception/build/perception_setup
[15.488s] Invoked command in '/home/mariamelsebaey/gp_ws/src/visual_servo_perception/build/perception_setup' returned '0': CMAKE_PREFIX_PATH=${CMAKE_PREFIX_PATH}:/home/mariamelsebaey/gp_ws/install/moveit_configs_utils:/opt/ros/jazzy DEBUGINFOD_URLS=https://debuginfod.ubuntu.com /usr/bin/cmake /home/mariamelsebaey/gp_ws/src/visual_servo_perception/src/perception_setup -DCMAKE_INSTALL_PREFIX=/home/mariamelsebaey/gp_ws/src/visual_servo_perception/install/perception_setup
[15.489s] Invoking command in '/home/mariamelsebaey/gp_ws/src/visual_servo_perception/build/perception_setup': CMAKE_PREFIX_PATH=${CMAKE_PREFIX_PATH}:/home/mariamelsebaey/gp_ws/install/moveit_configs_utils:/opt/ros/jazzy DEBUGINFOD_URLS=https://debuginfod.ubuntu.com /usr/bin/cmake --build /home/mariamelsebaey/gp_ws/src/visual_servo_perception/build/perception_setup -- -j8 -l8
[15.547s] Invoked command in '/home/mariamelsebaey/gp_ws/src/visual_servo_perception/build/perception_setup' returned '0': CMAKE_PREFIX_PATH=${CMAKE_PREFIX_PATH}:/home/mariamelsebaey/gp_ws/install/moveit_configs_utils:/opt/ros/jazzy DEBUGINFOD_URLS=https://debuginfod.ubuntu.com /usr/bin/cmake --build /home/mariamelsebaey/gp_ws/src/visual_servo_perception/build/perception_setup -- -j8 -l8
[15.561s] Invoking command in '/home/mariamelsebaey/gp_ws/src/visual_servo_perception/build/perception_setup': CMAKE_PREFIX_PATH=${CMAKE_PREFIX_PATH}:/home/mariamelsebaey/gp_ws/install/moveit_configs_utils:/opt/ros/jazzy DEBUGINFOD_URLS=https://debuginfod.ubuntu.com /usr/bin/cmake --install /home/mariamelsebaey/gp_ws/src/visual_servo_perception/build/perception_setup
[15.573s] -- Install configuration: ""
[15.573s] -- Installing: /home/mariamelsebaey/gp_ws/src/visual_servo_perception/install/perception_setup/lib/perception_setup/camera_driver.py
[15.573s] -- Installing: /home/mariamelsebaey/gp_ws/src/visual_servo_perception/install/perception_setup/lib/perception_setup/brick_detector.py
[15.573s] -- Installing: /home/mariamelsebaey/gp_ws/src/visual_servo_perception/install/perception_setup/share/ament_index/resource_index/package_run_dependencies/perception_setup
[15.573s] -- Installing: /home/mariamelsebaey/gp_ws/src/visual_servo_perception/install/perception_setup/share/ament_index/resource_index/parent_prefix_path/perception_setup
[15.574s] -- Installing: /home/mariamelsebaey/gp_ws/src/visual_servo_perception/install/perception_setup/share/perception_setup/environment/ament_prefix_path.sh
[15.574s] -- Installing: /home/mariamelsebaey/gp_ws/src/visual_servo_perception/install/perception_setup/share/perception_setup/environment/ament_prefix_path.dsv
[15.574s] -- Installing: /home/mariamelsebaey/gp_ws/src/visual_servo_perception/install/perception_setup/share/perception_setup/environment/path.sh
[15.574s] -- Installing: /home/mariamelsebaey/gp_ws/src/visual_servo_perception/install/perception_setup/share/perception_setup/environment/path.dsv
[15.574s] -- Installing: /home/mariamelsebaey/gp_ws/src/visual_servo_perception/install/perception_setup/share/perception_setup/local_setup.bash
[15.574s] -- Installing: /home/mariamelsebaey/gp_ws/src/visual_servo_perception/install/perception_setup/share/perception_setup/local_setup.sh
[15.574s] -- Installing: /home/mariamelsebaey/gp_ws/src/visual_servo_perception/install/perception_setup/share/perception_setup/local_setup.zsh
[15.574s] -- Installing: /home/mariamelsebaey/gp_ws/src/visual_servo_perception/install/perception_setup/share/perception_setup/local_setup.dsv
[15.575s] -- Installing: /home/mariamelsebaey/gp_ws/src/visual_servo_perception/install/perception_setup/share/perception_setup/package.dsv
[15.575s] -- Installing: /home/mariamelsebaey/gp_ws/src/visual_servo_perception/install/perception_setup/share/ament_index/resource_index/packages/perception_setup
[15.575s] -- Installing: /home/mariamelsebaey/gp_ws/src/visual_servo_perception/install/perception_setup/share/perception_setup/cmake/perception_setupConfig.cmake
[15.575s] -- Installing: /home/mariamelsebaey/gp_ws/src/visual_servo_perception/install/perception_setup/share/perception_setup/cmake/perception_setupConfig-version.cmake
[15.575s] -- Installing: /home/mariamelsebaey/gp_ws/src/visual_servo_perception/install/perception_setup/share/perception_setup/package.xml
[15.577s] Invoked command in '/home/mariamelsebaey/gp_ws/src/visual_servo_perception/build/perception_setup' returned '0': CMAKE_PREFIX_PATH=${CMAKE_PREFIX_PATH}:/home/mariamelsebaey/gp_ws/install/moveit_configs_utils:/opt/ros/jazzy DEBUGINFOD_URLS=https://debuginfod.ubuntu.com /usr/bin/cmake --install /home/mariamelsebaey/gp_ws/src/visual_servo_perception/build/perception_setup
