[0.019s] Invoking command in '/home/mariamelsebaey/gp_ws/src/visual_servo_perception/build/perception_setup': CMAKE_PREFIX_PATH=${CMAKE_PREFIX_PATH}:/home/mariamelsebaey/gp_ws/install/moveit_configs_utils:/opt/ros/jazzy DEBUGINFOD_URLS=https://debuginfod.ubuntu.com /usr/bin/cmake --build /home/mariamelsebaey/gp_ws/src/visual_servo_perception/build/perception_setup -- -j8 -l8
[0.384s] -- Found ament_cmake: 2.5.4 (/opt/ros/jazzy/share/ament_cmake/cmake)
[1.021s] -- Found rclpy: 7.1.5 (/opt/ros/jazzy/share/rclpy/cmake)
[1.030s] -- Found sensor_msgs: 5.3.6 (/opt/ros/jazzy/share/sensor_msgs/cmake)
[1.409s] -- Found rosidl_generator_c: 4.6.6 (/opt/ros/jazzy/share/rosidl_generator_c/cmake)
[1.461s] -- Found rosidl_generator_cpp: 4.6.6 (/opt/ros/jazzy/share/rosidl_generator_cpp/cmake)
[1.524s] -- Using all available rosidl_typesupport_c: rosidl_typesupport_fastrtps_c;rosidl_typesupport_introspection_c
[1.577s] -- Using all available rosidl_typesupport_cpp: rosidl_typesupport_fastrtps_cpp;rosidl_typesupport_introspection_cpp
[1.877s] -- Found ament_lint_auto: 0.17.3 (/opt/ros/jazzy/share/ament_lint_auto/cmake)
[2.322s] -- Added test 'copyright' to check source files copyright and LICENSE
[2.324s] -- Added test 'flake8' to check Python code syntax and style conventions
[2.324s] -- Configured 'flake8' exclude dirs and/or files: 
[2.324s] -- Added test 'lint_cmake' to check CMake code style
[2.325s] -- Added test 'pep257' to check Python code against some of the docstring style conventions in PEP 257
[2.326s] -- Added test 'xmllint' to check XML markup files
[2.341s] -- Configuring done (2.2s)
[2.439s] -- Generating done (0.0s)
[2.441s] -- Build files have been written to: /home/mariamelsebaey/gp_ws/src/visual_servo_perception/build/perception_setup
[2.473s] Invoked command in '/home/mariamelsebaey/gp_ws/src/visual_servo_perception/build/perception_setup' returned '0': CMAKE_PREFIX_PATH=${CMAKE_PREFIX_PATH}:/home/mariamelsebaey/gp_ws/install/moveit_configs_utils:/opt/ros/jazzy DEBUGINFOD_URLS=https://debuginfod.ubuntu.com /usr/bin/cmake --build /home/mariamelsebaey/gp_ws/src/visual_servo_perception/build/perception_setup -- -j8 -l8
[2.487s] Invoking command in '/home/mariamelsebaey/gp_ws/src/visual_servo_perception/build/perception_setup': CMAKE_PREFIX_PATH=${CMAKE_PREFIX_PATH}:/home/mariamelsebaey/gp_ws/install/moveit_configs_utils:/opt/ros/jazzy DEBUGINFOD_URLS=https://debuginfod.ubuntu.com /usr/bin/cmake --install /home/mariamelsebaey/gp_ws/src/visual_servo_perception/build/perception_setup
[2.498s] -- Install configuration: ""
[2.498s] -- Up-to-date: /home/mariamelsebaey/gp_ws/src/visual_servo_perception/install/perception_setup/lib/perception_setup/camera_driver.py
[2.499s] -- Installing: /home/mariamelsebaey/gp_ws/src/visual_servo_perception/install/perception_setup/lib/perception_setup/feature_detection.py
[2.499s] -- Up-to-date: /home/mariamelsebaey/gp_ws/src/visual_servo_perception/install/perception_setup/lib/perception_setup/depth_estimation.py
[2.499s] -- Installing: /home/mariamelsebaey/gp_ws/src/visual_servo_perception/install/perception_setup/lib/perception_setup/feature_detection_minimal.py
[2.499s] -- Up-to-date: /home/mariamelsebaey/gp_ws/src/visual_servo_perception/install/perception_setup/share/ament_index/resource_index/package_run_dependencies/perception_setup
[2.499s] -- Up-to-date: /home/mariamelsebaey/gp_ws/src/visual_servo_perception/install/perception_setup/share/ament_index/resource_index/parent_prefix_path/perception_setup
[2.499s] -- Up-to-date: /home/mariamelsebaey/gp_ws/src/visual_servo_perception/install/perception_setup/share/perception_setup/environment/ament_prefix_path.sh
[2.499s] -- Up-to-date: /home/mariamelsebaey/gp_ws/src/visual_servo_perception/install/perception_setup/share/perception_setup/environment/ament_prefix_path.dsv
[2.499s] -- Up-to-date: /home/mariamelsebaey/gp_ws/src/visual_servo_perception/install/perception_setup/share/perception_setup/environment/path.sh
[2.500s] -- Up-to-date: /home/mariamelsebaey/gp_ws/src/visual_servo_perception/install/perception_setup/share/perception_setup/environment/path.dsv
[2.500s] -- Up-to-date: /home/mariamelsebaey/gp_ws/src/visual_servo_perception/install/perception_setup/share/perception_setup/local_setup.bash
[2.500s] -- Up-to-date: /home/mariamelsebaey/gp_ws/src/visual_servo_perception/install/perception_setup/share/perception_setup/local_setup.sh
[2.500s] -- Up-to-date: /home/mariamelsebaey/gp_ws/src/visual_servo_perception/install/perception_setup/share/perception_setup/local_setup.zsh
[2.500s] -- Up-to-date: /home/mariamelsebaey/gp_ws/src/visual_servo_perception/install/perception_setup/share/perception_setup/local_setup.dsv
[2.500s] -- Installing: /home/mariamelsebaey/gp_ws/src/visual_servo_perception/install/perception_setup/share/perception_setup/package.dsv
[2.500s] -- Up-to-date: /home/mariamelsebaey/gp_ws/src/visual_servo_perception/install/perception_setup/share/ament_index/resource_index/packages/perception_setup
[2.500s] -- Up-to-date: /home/mariamelsebaey/gp_ws/src/visual_servo_perception/install/perception_setup/share/perception_setup/cmake/perception_setupConfig.cmake
[2.500s] -- Up-to-date: /home/mariamelsebaey/gp_ws/src/visual_servo_perception/install/perception_setup/share/perception_setup/cmake/perception_setupConfig-version.cmake
[2.500s] -- Up-to-date: /home/mariamelsebaey/gp_ws/src/visual_servo_perception/install/perception_setup/share/perception_setup/package.xml
[2.501s] Invoked command in '/home/mariamelsebaey/gp_ws/src/visual_servo_perception/build/perception_setup' returned '0': CMAKE_PREFIX_PATH=${CMAKE_PREFIX_PATH}:/home/mariamelsebaey/gp_ws/install/moveit_configs_utils:/opt/ros/jazzy DEBUGINFOD_URLS=https://debuginfod.ubuntu.com /usr/bin/cmake --install /home/mariamelsebaey/gp_ws/src/visual_servo_perception/build/perception_setup
