[0.625s] DEBUG:colcon:Command line arguments: ['/usr/bin/colcon', 'build', '--packages-select', 'perception_setup']
[0.626s] DEBUG:colcon:Parsed command line arguments: Namespace(log_base=None, log_level=None, verb_name='build', build_base='build', install_base='install', merge_install=False, symlink_install=False, test_result_base=None, continue_on_error=False, executor='parallel', parallel_workers=8, event_handlers=None, ignore_user_meta=False, metas=['./colcon.meta'], base_paths=['.'], packages_ignore=None, packages_ignore_regex=None, paths=None, packages_up_to=None, packages_up_to_regex=None, packages_above=None, packages_above_and_dependencies=None, packages_above_depth=None, packages_select_by_dep=None, packages_skip_by_dep=None, packages_skip_up_to=None, packages_select_build_failed=False, packages_skip_build_finished=False, packages_select_test_failures=False, packages_skip_test_passed=False, packages_select=['perception_setup'], packages_skip=None, packages_select_regex=None, packages_skip_regex=None, packages_start=None, packages_end=None, allow_overriding=[], cmake_args=None, cmake_target=None, cmake_target_skip_unavailable=False, cmake_clean_cache=False, cmake_clean_first=False, cmake_force_configure=False, ament_cmake_args=None, catkin_cmake_args=None, catkin_skip_building_tests=False, mixin_files=None, mixin=None, verb_parser=<colcon_mixin.mixin.mixin_argument.MixinArgumentDecorator object at 0x763cfbef2d20>, verb_extension=<colcon_core.verb.build.BuildVerb object at 0x763cfbda7470>, main=<bound method BuildVerb.main of <colcon_core.verb.build.BuildVerb object at 0x763cfbda7470>>, mixin_verb=('build',))
[0.842s] Level 1:colcon.colcon_core.package_discovery:discover_packages(colcon_meta) check parameters
[0.842s] Level 1:colcon.colcon_core.package_discovery:discover_packages(recursive) check parameters
[0.842s] Level 1:colcon.colcon_core.package_discovery:discover_packages(ignore) check parameters
[0.842s] Level 1:colcon.colcon_core.package_discovery:discover_packages(path) check parameters
[0.842s] Level 1:colcon.colcon_core.package_discovery:discover_packages(colcon_meta) discover
[0.843s] Level 1:colcon.colcon_core.package_discovery:discover_packages(recursive) discover
[0.843s] INFO:colcon.colcon_core.package_discovery:Crawling recursively for packages in '/home/mariamelsebaey/gp_ws/src/visual_servo_perception'
[0.843s] Level 1:colcon.colcon_core.package_identification:_identify(.) by extensions ['ignore', 'ignore_ament_install']
[0.843s] Level 1:colcon.colcon_core.package_identification:_identify(.) by extension 'ignore'
[0.843s] Level 1:colcon.colcon_core.package_identification:_identify(.) by extension 'ignore_ament_install'
[0.843s] Level 1:colcon.colcon_core.package_identification:_identify(.) by extensions ['colcon_pkg']
[0.843s] Level 1:colcon.colcon_core.package_identification:_identify(.) by extension 'colcon_pkg'
[0.843s] Level 1:colcon.colcon_core.package_identification:_identify(.) by extensions ['colcon_meta']
[0.843s] Level 1:colcon.colcon_core.package_identification:_identify(.) by extension 'colcon_meta'
[0.843s] Level 1:colcon.colcon_core.package_identification:_identify(.) by extensions ['ros']
[0.843s] Level 1:colcon.colcon_core.package_identification:_identify(.) by extension 'ros'
[0.945s] Level 1:colcon.colcon_core.package_identification:_identify(.) by extensions ['cmake', 'python']
[0.945s] Level 1:colcon.colcon_core.package_identification:_identify(.) by extension 'cmake'
[0.945s] Level 1:colcon.colcon_core.package_identification:_identify(.) by extension 'python'
[0.945s] Level 1:colcon.colcon_core.package_identification:_identify(.) by extensions ['python_setup_py']
[0.945s] Level 1:colcon.colcon_core.package_identification:_identify(.) by extension 'python_setup_py'
[0.945s] Level 1:colcon.colcon_core.package_identification:_identify(build) by extensions ['ignore', 'ignore_ament_install']
[0.945s] Level 1:colcon.colcon_core.package_identification:_identify(build) by extension 'ignore'
[0.945s] Level 1:colcon.colcon_core.package_identification:_identify(build) ignored
[0.945s] Level 1:colcon.colcon_core.package_identification:_identify(install) by extensions ['ignore', 'ignore_ament_install']
[0.945s] Level 1:colcon.colcon_core.package_identification:_identify(install) by extension 'ignore'
[0.945s] Level 1:colcon.colcon_core.package_identification:_identify(install) ignored
[0.945s] Level 1:colcon.colcon_core.package_identification:_identify(log) by extensions ['ignore', 'ignore_ament_install']
[0.946s] Level 1:colcon.colcon_core.package_identification:_identify(log) by extension 'ignore'
[0.946s] Level 1:colcon.colcon_core.package_identification:_identify(log) ignored
[0.946s] Level 1:colcon.colcon_core.package_identification:_identify(src) by extensions ['ignore', 'ignore_ament_install']
[0.946s] Level 1:colcon.colcon_core.package_identification:_identify(src) by extension 'ignore'
[0.946s] Level 1:colcon.colcon_core.package_identification:_identify(src) by extension 'ignore_ament_install'
[0.946s] Level 1:colcon.colcon_core.package_identification:_identify(src) by extensions ['colcon_pkg']
[0.946s] Level 1:colcon.colcon_core.package_identification:_identify(src) by extension 'colcon_pkg'
[0.946s] Level 1:colcon.colcon_core.package_identification:_identify(src) by extensions ['colcon_meta']
[0.946s] Level 1:colcon.colcon_core.package_identification:_identify(src) by extension 'colcon_meta'
[0.946s] Level 1:colcon.colcon_core.package_identification:_identify(src) by extensions ['ros']
[0.946s] Level 1:colcon.colcon_core.package_identification:_identify(src) by extension 'ros'
[0.946s] Level 1:colcon.colcon_core.package_identification:_identify(src) by extensions ['cmake', 'python']
[0.946s] Level 1:colcon.colcon_core.package_identification:_identify(src) by extension 'cmake'
[0.946s] Level 1:colcon.colcon_core.package_identification:_identify(src) by extension 'python'
[0.946s] Level 1:colcon.colcon_core.package_identification:_identify(src) by extensions ['python_setup_py']
[0.946s] Level 1:colcon.colcon_core.package_identification:_identify(src) by extension 'python_setup_py'
[0.946s] Level 1:colcon.colcon_core.package_identification:_identify(src/perception_setup) by extensions ['ignore', 'ignore_ament_install']
[0.946s] Level 1:colcon.colcon_core.package_identification:_identify(src/perception_setup) by extension 'ignore'
[0.946s] Level 1:colcon.colcon_core.package_identification:_identify(src/perception_setup) by extension 'ignore_ament_install'
[0.947s] Level 1:colcon.colcon_core.package_identification:_identify(src/perception_setup) by extensions ['colcon_pkg']
[0.947s] Level 1:colcon.colcon_core.package_identification:_identify(src/perception_setup) by extension 'colcon_pkg'
[0.947s] Level 1:colcon.colcon_core.package_identification:_identify(src/perception_setup) by extensions ['colcon_meta']
[0.947s] Level 1:colcon.colcon_core.package_identification:_identify(src/perception_setup) by extension 'colcon_meta'
[0.947s] Level 1:colcon.colcon_core.package_identification:_identify(src/perception_setup) by extensions ['ros']
[0.947s] Level 1:colcon.colcon_core.package_identification:_identify(src/perception_setup) by extension 'ros'
[0.949s] DEBUG:colcon.colcon_core.package_identification:Package 'src/perception_setup' with type 'ros.ament_cmake' and name 'perception_setup'
[0.949s] Level 1:colcon.colcon_core.package_discovery:discover_packages(recursive) using defaults
[0.950s] Level 1:colcon.colcon_core.package_discovery:discover_packages(ignore) discover
[0.950s] Level 1:colcon.colcon_core.package_discovery:discover_packages(ignore) using defaults
[0.950s] Level 1:colcon.colcon_core.package_discovery:discover_packages(path) discover
[0.950s] Level 1:colcon.colcon_core.package_discovery:discover_packages(path) using defaults
[1.090s] Level 1:colcon.colcon_core.package_discovery:discover_packages(prefix_path) check parameters
[1.090s] Level 1:colcon.colcon_core.package_discovery:discover_packages(prefix_path) discover
[1.115s] DEBUG:colcon.colcon_installed_package_information.package_discovery:Found 107 installed packages in /home/mariamelsebaey/gp_ws/install
[1.117s] DEBUG:colcon.colcon_installed_package_information.package_discovery:Found 423 installed packages in /opt/ros/jazzy
[1.119s] Level 1:colcon.colcon_core.package_discovery:discover_packages(prefix_path) using defaults
[3.927s] Level 5:colcon.colcon_core.verb:set package 'perception_setup' build argument 'cmake_args' from command line to 'None'
[3.927s] Level 5:colcon.colcon_core.verb:set package 'perception_setup' build argument 'cmake_target' from command line to 'None'
[3.927s] Level 5:colcon.colcon_core.verb:set package 'perception_setup' build argument 'cmake_target_skip_unavailable' from command line to 'False'
[3.927s] Level 5:colcon.colcon_core.verb:set package 'perception_setup' build argument 'cmake_clean_cache' from command line to 'False'
[3.927s] Level 5:colcon.colcon_core.verb:set package 'perception_setup' build argument 'cmake_clean_first' from command line to 'False'
[3.927s] Level 5:colcon.colcon_core.verb:set package 'perception_setup' build argument 'cmake_force_configure' from command line to 'False'
[3.927s] Level 5:colcon.colcon_core.verb:set package 'perception_setup' build argument 'ament_cmake_args' from command line to 'None'
[3.927s] Level 5:colcon.colcon_core.verb:set package 'perception_setup' build argument 'catkin_cmake_args' from command line to 'None'
[3.927s] Level 5:colcon.colcon_core.verb:set package 'perception_setup' build argument 'catkin_skip_building_tests' from command line to 'False'
[3.927s] DEBUG:colcon.colcon_core.verb:Building package 'perception_setup' with the following arguments: {'ament_cmake_args': None, 'build_base': '/home/mariamelsebaey/gp_ws/src/visual_servo_perception/build/perception_setup', 'catkin_cmake_args': None, 'catkin_skip_building_tests': False, 'cmake_args': None, 'cmake_clean_cache': False, 'cmake_clean_first': False, 'cmake_force_configure': False, 'cmake_target': None, 'cmake_target_skip_unavailable': False, 'install_base': '/home/mariamelsebaey/gp_ws/src/visual_servo_perception/install/perception_setup', 'merge_install': False, 'path': '/home/mariamelsebaey/gp_ws/src/visual_servo_perception/src/perception_setup', 'symlink_install': False, 'test_result_base': None}
[3.927s] INFO:colcon.colcon_core.executor:Executing jobs using 'parallel' executor
[3.928s] DEBUG:colcon.colcon_parallel_executor.executor.parallel:run_until_complete
[3.928s] INFO:colcon.colcon_ros.task.ament_cmake.build:Building ROS package in '/home/mariamelsebaey/gp_ws/src/visual_servo_perception/src/perception_setup' with build type 'ament_cmake'
[3.928s] INFO:colcon.colcon_cmake.task.cmake.build:Building CMake package in '/home/mariamelsebaey/gp_ws/src/visual_servo_perception/src/perception_setup'
[4.007s] INFO:colcon.colcon_core.plugin_system:Skipping extension 'colcon_core.shell.bat': Not used on non-Windows systems
[4.007s] INFO:colcon.colcon_core.shell:Skip shell extension 'powershell' for command environment: Not usable outside of PowerShell
[4.007s] DEBUG:colcon.colcon_core.shell:Skip shell extension 'dsv' for command environment
[4.089s] DEBUG:colcon.colcon_core.event_handler.log_command:Invoking command in '/home/mariamelsebaey/gp_ws/src/visual_servo_perception/build/perception_setup': CMAKE_PREFIX_PATH=${CMAKE_PREFIX_PATH}:/home/mariamelsebaey/gp_ws/install/moveit_configs_utils:/opt/ros/jazzy DEBUGINFOD_URLS=https://debuginfod.ubuntu.com /usr/bin/cmake --build /home/mariamelsebaey/gp_ws/src/visual_servo_perception/build/perception_setup -- -j8 -l8
[4.865s] DEBUG:colcon.colcon_core.event_handler.log_command:Invoked command in '/home/mariamelsebaey/gp_ws/src/visual_servo_perception/build/perception_setup' returned '0': CMAKE_PREFIX_PATH=${CMAKE_PREFIX_PATH}:/home/mariamelsebaey/gp_ws/install/moveit_configs_utils:/opt/ros/jazzy DEBUGINFOD_URLS=https://debuginfod.ubuntu.com /usr/bin/cmake --build /home/mariamelsebaey/gp_ws/src/visual_servo_perception/build/perception_setup -- -j8 -l8
[4.900s] DEBUG:colcon.colcon_core.event_handler.log_command:Invoking command in '/home/mariamelsebaey/gp_ws/src/visual_servo_perception/build/perception_setup': CMAKE_PREFIX_PATH=${CMAKE_PREFIX_PATH}:/home/mariamelsebaey/gp_ws/install/moveit_configs_utils:/opt/ros/jazzy DEBUGINFOD_URLS=https://debuginfod.ubuntu.com /usr/bin/cmake --install /home/mariamelsebaey/gp_ws/src/visual_servo_perception/build/perception_setup
[4.931s] Level 1:colcon.colcon_core.environment:create_environment_scripts_only(perception_setup)
[4.932s] DEBUG:colcon.colcon_core.event_handler.log_command:Invoked command in '/home/mariamelsebaey/gp_ws/src/visual_servo_perception/build/perception_setup' returned '0': CMAKE_PREFIX_PATH=${CMAKE_PREFIX_PATH}:/home/mariamelsebaey/gp_ws/install/moveit_configs_utils:/opt/ros/jazzy DEBUGINFOD_URLS=https://debuginfod.ubuntu.com /usr/bin/cmake --install /home/mariamelsebaey/gp_ws/src/visual_servo_perception/build/perception_setup
[4.997s] Level 1:colcon.colcon_core.environment:checking '/home/mariamelsebaey/gp_ws/src/visual_servo_perception/install/perception_setup' for CMake module files
[4.998s] Level 1:colcon.colcon_core.environment:checking '/home/mariamelsebaey/gp_ws/src/visual_servo_perception/install/perception_setup' for CMake config files
[4.998s] Level 1:colcon.colcon_core.shell:create_environment_hook('perception_setup', 'cmake_prefix_path')
[4.998s] INFO:colcon.colcon_core.shell:Creating environment hook '/home/mariamelsebaey/gp_ws/src/visual_servo_perception/install/perception_setup/share/perception_setup/hook/cmake_prefix_path.ps1'
[5.039s] INFO:colcon.colcon_core.shell:Creating environment descriptor '/home/mariamelsebaey/gp_ws/src/visual_servo_perception/install/perception_setup/share/perception_setup/hook/cmake_prefix_path.dsv'
[5.039s] INFO:colcon.colcon_core.shell:Creating environment hook '/home/mariamelsebaey/gp_ws/src/visual_servo_perception/install/perception_setup/share/perception_setup/hook/cmake_prefix_path.sh'
[5.040s] Level 1:colcon.colcon_core.environment:checking '/home/mariamelsebaey/gp_ws/src/visual_servo_perception/install/perception_setup/lib'
[5.040s] Level 1:colcon.colcon_core.environment:checking '/home/mariamelsebaey/gp_ws/src/visual_servo_perception/install/perception_setup/bin'
[5.040s] Level 1:colcon.colcon_core.environment:checking '/home/mariamelsebaey/gp_ws/src/visual_servo_perception/install/perception_setup/lib/pkgconfig/perception_setup.pc'
[5.040s] Level 1:colcon.colcon_core.environment:checking '/home/mariamelsebaey/gp_ws/src/visual_servo_perception/install/perception_setup/lib/python3.12/site-packages'
[5.041s] Level 1:colcon.colcon_core.environment:checking '/home/mariamelsebaey/gp_ws/src/visual_servo_perception/install/perception_setup/bin'
[5.041s] INFO:colcon.colcon_core.shell:Creating package script '/home/mariamelsebaey/gp_ws/src/visual_servo_perception/install/perception_setup/share/perception_setup/package.ps1'
[5.042s] INFO:colcon.colcon_core.shell:Creating package descriptor '/home/mariamelsebaey/gp_ws/src/visual_servo_perception/install/perception_setup/share/perception_setup/package.dsv'
[5.042s] INFO:colcon.colcon_core.shell:Creating package script '/home/mariamelsebaey/gp_ws/src/visual_servo_perception/install/perception_setup/share/perception_setup/package.sh'
[5.043s] INFO:colcon.colcon_core.shell:Creating package script '/home/mariamelsebaey/gp_ws/src/visual_servo_perception/install/perception_setup/share/perception_setup/package.bash'
[5.054s] INFO:colcon.colcon_core.shell:Creating package script '/home/mariamelsebaey/gp_ws/src/visual_servo_perception/install/perception_setup/share/perception_setup/package.zsh'
[5.067s] Level 1:colcon.colcon_core.environment:create_file_with_runtime_dependencies(/home/mariamelsebaey/gp_ws/src/visual_servo_perception/install/perception_setup/share/colcon-core/packages/perception_setup)
[5.067s] Level 1:colcon.colcon_core.environment:create_environment_scripts_only(perception_setup)
[5.068s] Level 1:colcon.colcon_core.environment:checking '/home/mariamelsebaey/gp_ws/src/visual_servo_perception/install/perception_setup' for CMake module files
[5.068s] Level 1:colcon.colcon_core.environment:checking '/home/mariamelsebaey/gp_ws/src/visual_servo_perception/install/perception_setup' for CMake config files
[5.068s] Level 1:colcon.colcon_core.shell:create_environment_hook('perception_setup', 'cmake_prefix_path')
[5.068s] INFO:colcon.colcon_core.shell:Creating environment hook '/home/mariamelsebaey/gp_ws/src/visual_servo_perception/install/perception_setup/share/perception_setup/hook/cmake_prefix_path.ps1'
[5.069s] INFO:colcon.colcon_core.shell:Creating environment descriptor '/home/mariamelsebaey/gp_ws/src/visual_servo_perception/install/perception_setup/share/perception_setup/hook/cmake_prefix_path.dsv'
[5.069s] INFO:colcon.colcon_core.shell:Creating environment hook '/home/mariamelsebaey/gp_ws/src/visual_servo_perception/install/perception_setup/share/perception_setup/hook/cmake_prefix_path.sh'
[5.070s] Level 1:colcon.colcon_core.environment:checking '/home/mariamelsebaey/gp_ws/src/visual_servo_perception/install/perception_setup/lib'
[5.070s] Level 1:colcon.colcon_core.environment:checking '/home/mariamelsebaey/gp_ws/src/visual_servo_perception/install/perception_setup/bin'
[5.070s] Level 1:colcon.colcon_core.environment:checking '/home/mariamelsebaey/gp_ws/src/visual_servo_perception/install/perception_setup/lib/pkgconfig/perception_setup.pc'
[5.070s] Level 1:colcon.colcon_core.environment:checking '/home/mariamelsebaey/gp_ws/src/visual_servo_perception/install/perception_setup/lib/python3.12/site-packages'
[5.070s] Level 1:colcon.colcon_core.environment:checking '/home/mariamelsebaey/gp_ws/src/visual_servo_perception/install/perception_setup/bin'
[5.071s] INFO:colcon.colcon_core.shell:Creating package script '/home/mariamelsebaey/gp_ws/src/visual_servo_perception/install/perception_setup/share/perception_setup/package.ps1'
[5.071s] INFO:colcon.colcon_core.shell:Creating package descriptor '/home/mariamelsebaey/gp_ws/src/visual_servo_perception/install/perception_setup/share/perception_setup/package.dsv'
[5.071s] INFO:colcon.colcon_core.shell:Creating package script '/home/mariamelsebaey/gp_ws/src/visual_servo_perception/install/perception_setup/share/perception_setup/package.sh'
[5.072s] INFO:colcon.colcon_core.shell:Creating package script '/home/mariamelsebaey/gp_ws/src/visual_servo_perception/install/perception_setup/share/perception_setup/package.bash'
[5.072s] INFO:colcon.colcon_core.shell:Creating package script '/home/mariamelsebaey/gp_ws/src/visual_servo_perception/install/perception_setup/share/perception_setup/package.zsh'
[5.072s] Level 1:colcon.colcon_core.environment:create_file_with_runtime_dependencies(/home/mariamelsebaey/gp_ws/src/visual_servo_perception/install/perception_setup/share/colcon-core/packages/perception_setup)
[5.073s] DEBUG:colcon.colcon_parallel_executor.executor.parallel:closing loop
[5.073s] DEBUG:colcon.colcon_parallel_executor.executor.parallel:loop closed
[5.073s] DEBUG:colcon.colcon_parallel_executor.executor.parallel:run_until_complete finished with '0'
[5.073s] DEBUG:colcon.colcon_core.event_reactor:joining thread
[5.127s] INFO:colcon.colcon_core.plugin_system:Skipping extension 'colcon_notification.desktop_notification.terminal_notifier': Not used on non-Darwin systems
[5.127s] INFO:colcon.colcon_core.plugin_system:Skipping extension 'colcon_notification.desktop_notification.win32': Not used on non-Windows systems
[5.127s] INFO:colcon.colcon_notification.desktop_notification:Sending desktop notification using 'notify2'
[5.141s] DEBUG:colcon.colcon_core.event_reactor:joined thread
[5.141s] INFO:colcon.colcon_core.shell:Creating prefix script '/home/mariamelsebaey/gp_ws/src/visual_servo_perception/install/local_setup.ps1'
[5.153s] INFO:colcon.colcon_core.shell:Creating prefix util module '/home/mariamelsebaey/gp_ws/src/visual_servo_perception/install/_local_setup_util_ps1.py'
[5.155s] INFO:colcon.colcon_core.shell:Creating prefix chain script '/home/mariamelsebaey/gp_ws/src/visual_servo_perception/install/setup.ps1'
[5.159s] INFO:colcon.colcon_core.shell:Creating prefix script '/home/mariamelsebaey/gp_ws/src/visual_servo_perception/install/local_setup.sh'
[5.160s] INFO:colcon.colcon_core.shell:Creating prefix util module '/home/mariamelsebaey/gp_ws/src/visual_servo_perception/install/_local_setup_util_sh.py'
[5.160s] INFO:colcon.colcon_core.shell:Creating prefix chain script '/home/mariamelsebaey/gp_ws/src/visual_servo_perception/install/setup.sh'
[5.164s] INFO:colcon.colcon_core.shell:Creating prefix script '/home/mariamelsebaey/gp_ws/src/visual_servo_perception/install/local_setup.bash'
[5.165s] INFO:colcon.colcon_core.shell:Creating prefix chain script '/home/mariamelsebaey/gp_ws/src/visual_servo_perception/install/setup.bash'
[5.174s] INFO:colcon.colcon_core.shell:Creating prefix script '/home/mariamelsebaey/gp_ws/src/visual_servo_perception/install/local_setup.zsh'
[5.175s] INFO:colcon.colcon_core.shell:Creating prefix chain script '/home/mariamelsebaey/gp_ws/src/visual_servo_perception/install/setup.zsh'
