[0.391s] Invoking command in '/home/mariamelsebaey/gp_ws/src/visual_servo_perception/build/perception_setup': CMAKE_PREFIX_PATH=${CMAKE_PREFIX_PATH}:/home/mariamelsebaey/gp_ws/install/moveit_configs_utils:/opt/ros/jazzy DEBUGINFOD_URLS=https://debuginfod.ubuntu.com /usr/bin/cmake --build /home/mariamelsebaey/gp_ws/src/visual_servo_perception/build/perception_setup -- -j8 -l8
[1.498s] Invoked command in '/home/mariamelsebaey/gp_ws/src/visual_servo_perception/build/perception_setup' returned '0': CMAKE_PREFIX_PATH=${CMAKE_PREFIX_PATH}:/home/mariamelsebaey/gp_ws/install/moveit_configs_utils:/opt/ros/jazzy DEBUGINFOD_URLS=https://debuginfod.ubuntu.com /usr/bin/cmake --build /home/mariamelsebaey/gp_ws/src/visual_servo_perception/build/perception_setup -- -j8 -l8
[1.570s] Invoking command in '/home/mariamelsebaey/gp_ws/src/visual_servo_perception/build/perception_setup': CMAKE_PREFIX_PATH=${CMAKE_PREFIX_PATH}:/home/mariamelsebaey/gp_ws/install/moveit_configs_utils:/opt/ros/jazzy DEBUGINFOD_URLS=https://debuginfod.ubuntu.com /usr/bin/cmake --install /home/mariamelsebaey/gp_ws/src/visual_servo_perception/build/perception_setup
[1.581s] -- Install configuration: ""
[1.616s] -- Up-to-date: /home/mariamelsebaey/gp_ws/src/visual_servo_perception/install/perception_setup/lib/perception_setup/camera_driver.py
[1.616s] -- Installing: /home/mariamelsebaey/gp_ws/src/visual_servo_perception/install/perception_setup/lib/perception_setup/feature_detection.py
[1.647s] -- Up-to-date: /home/mariamelsebaey/gp_ws/src/visual_servo_perception/install/perception_setup/lib/perception_setup/depth_estimation.py
[1.647s] -- Installing: /home/mariamelsebaey/gp_ws/src/visual_servo_perception/install/perception_setup/lib/perception_setup/feature_detection_minimal.py
[1.661s] -- Up-to-date: /home/mariamelsebaey/gp_ws/src/visual_servo_perception/install/perception_setup/share/ament_index/resource_index/package_run_dependencies/perception_setup
[1.661s] -- Up-to-date: /home/mariamelsebaey/gp_ws/src/visual_servo_perception/install/perception_setup/share/ament_index/resource_index/parent_prefix_path/perception_setup
[1.661s] -- Up-to-date: /home/mariamelsebaey/gp_ws/src/visual_servo_perception/install/perception_setup/share/perception_setup/environment/ament_prefix_path.sh
[1.661s] -- Up-to-date: /home/mariamelsebaey/gp_ws/src/visual_servo_perception/install/perception_setup/share/perception_setup/environment/ament_prefix_path.dsv
[1.661s] -- Up-to-date: /home/mariamelsebaey/gp_ws/src/visual_servo_perception/install/perception_setup/share/perception_setup/environment/path.sh
[1.662s] -- Up-to-date: /home/mariamelsebaey/gp_ws/src/visual_servo_perception/install/perception_setup/share/perception_setup/environment/path.dsv
[1.662s] -- Up-to-date: /home/mariamelsebaey/gp_ws/src/visual_servo_perception/install/perception_setup/share/perception_setup/local_setup.bash
[1.662s] -- Up-to-date: /home/mariamelsebaey/gp_ws/src/visual_servo_perception/install/perception_setup/share/perception_setup/local_setup.sh
[1.662s] -- Up-to-date: /home/mariamelsebaey/gp_ws/src/visual_servo_perception/install/perception_setup/share/perception_setup/local_setup.zsh
[1.662s] -- Up-to-date: /home/mariamelsebaey/gp_ws/src/visual_servo_perception/install/perception_setup/share/perception_setup/local_setup.dsv
[1.662s] -- Installing: /home/mariamelsebaey/gp_ws/src/visual_servo_perception/install/perception_setup/share/perception_setup/package.dsv
[1.662s] -- Up-to-date: /home/mariamelsebaey/gp_ws/src/visual_servo_perception/install/perception_setup/share/ament_index/resource_index/packages/perception_setup
[1.662s] -- Up-to-date: /home/mariamelsebaey/gp_ws/src/visual_servo_perception/install/perception_setup/share/perception_setup/cmake/perception_setupConfig.cmake
[1.662s] -- Up-to-date: /home/mariamelsebaey/gp_ws/src/visual_servo_perception/install/perception_setup/share/perception_setup/cmake/perception_setupConfig-version.cmake
[1.662s] -- Up-to-date: /home/mariamelsebaey/gp_ws/src/visual_servo_perception/install/perception_setup/share/perception_setup/package.xml
[1.664s] Invoked command in '/home/mariamelsebaey/gp_ws/src/visual_servo_perception/build/perception_setup' returned '0': CMAKE_PREFIX_PATH=${CMAKE_PREFIX_PATH}:/home/mariamelsebaey/gp_ws/install/moveit_configs_utils:/opt/ros/jazzy DEBUGINFOD_URLS=https://debuginfod.ubuntu.com /usr/bin/cmake --install /home/mariamelsebaey/gp_ws/src/visual_servo_perception/build/perception_setup
