[6.223s] DEBUG:colcon:Command line arguments: ['/usr/bin/colcon', 'build', '--packages-select', 'perception_setup']
[6.223s] DEBUG:colcon:Parsed command line arguments: Namespace(log_base=None, log_level=None, verb_name='build', build_base='build', install_base='install', merge_install=False, symlink_install=False, test_result_base=None, continue_on_error=False, executor='parallel', parallel_workers=8, event_handlers=None, ignore_user_meta=False, metas=['./colcon.meta'], base_paths=['.'], packages_ignore=None, packages_ignore_regex=None, paths=None, packages_up_to=None, packages_up_to_regex=None, packages_above=None, packages_above_and_dependencies=None, packages_above_depth=None, packages_select_by_dep=None, packages_skip_by_dep=None, packages_skip_up_to=None, packages_select_build_failed=False, packages_skip_build_finished=False, packages_select_test_failures=False, packages_skip_test_passed=False, packages_select=['perception_setup'], packages_skip=None, packages_select_regex=None, packages_skip_regex=None, packages_start=None, packages_end=None, allow_overriding=[], cmake_args=None, cmake_target=None, cmake_target_skip_unavailable=False, cmake_clean_cache=False, cmake_clean_first=False, cmake_force_configure=False, ament_cmake_args=None, catkin_cmake_args=None, catkin_skip_building_tests=False, mixin_files=None, mixin=None, verb_parser=<colcon_mixin.mixin.mixin_argument.MixinArgumentDecorator object at 0x746796e73b00>, verb_extension=<colcon_core.verb.build.BuildVerb object at 0x746796e73710>, main=<bound method BuildVerb.main of <colcon_core.verb.build.BuildVerb object at 0x746796e73710>>, mixin_verb=('build',))
[6.453s] Level 1:colcon.colcon_core.package_discovery:discover_packages(colcon_meta) check parameters
[6.453s] Level 1:colcon.colcon_core.package_discovery:discover_packages(recursive) check parameters
[6.453s] Level 1:colcon.colcon_core.package_discovery:discover_packages(ignore) check parameters
[6.453s] Level 1:colcon.colcon_core.package_discovery:discover_packages(path) check parameters
[6.453s] Level 1:colcon.colcon_core.package_discovery:discover_packages(colcon_meta) discover
[6.453s] Level 1:colcon.colcon_core.package_discovery:discover_packages(recursive) discover
[6.453s] INFO:colcon.colcon_core.package_discovery:Crawling recursively for packages in '/home/mariamelsebaey/gp_ws/src/visual_servo_perception'
[6.453s] Level 1:colcon.colcon_core.package_identification:_identify(.) by extensions ['ignore', 'ignore_ament_install']
[6.453s] Level 1:colcon.colcon_core.package_identification:_identify(.) by extension 'ignore'
[6.453s] Level 1:colcon.colcon_core.package_identification:_identify(.) by extension 'ignore_ament_install'
[6.454s] Level 1:colcon.colcon_core.package_identification:_identify(.) by extensions ['colcon_pkg']
[6.454s] Level 1:colcon.colcon_core.package_identification:_identify(.) by extension 'colcon_pkg'
[6.454s] Level 1:colcon.colcon_core.package_identification:_identify(.) by extensions ['colcon_meta']
[6.454s] Level 1:colcon.colcon_core.package_identification:_identify(.) by extension 'colcon_meta'
[6.454s] Level 1:colcon.colcon_core.package_identification:_identify(.) by extensions ['ros']
[6.454s] Level 1:colcon.colcon_core.package_identification:_identify(.) by extension 'ros'
[6.740s] Level 1:colcon.colcon_core.package_identification:_identify(.) by extensions ['cmake', 'python']
[6.740s] Level 1:colcon.colcon_core.package_identification:_identify(.) by extension 'cmake'
[6.740s] Level 1:colcon.colcon_core.package_identification:_identify(.) by extension 'python'
[6.740s] Level 1:colcon.colcon_core.package_identification:_identify(.) by extensions ['python_setup_py']
[6.741s] Level 1:colcon.colcon_core.package_identification:_identify(.) by extension 'python_setup_py'
[6.741s] Level 1:colcon.colcon_core.package_identification:_identify(build) by extensions ['ignore', 'ignore_ament_install']
[6.741s] Level 1:colcon.colcon_core.package_identification:_identify(build) by extension 'ignore'
[6.741s] Level 1:colcon.colcon_core.package_identification:_identify(build) ignored
[6.741s] Level 1:colcon.colcon_core.package_identification:_identify(install) by extensions ['ignore', 'ignore_ament_install']
[6.741s] Level 1:colcon.colcon_core.package_identification:_identify(install) by extension 'ignore'
[6.741s] Level 1:colcon.colcon_core.package_identification:_identify(install) ignored
[6.741s] Level 1:colcon.colcon_core.package_identification:_identify(log) by extensions ['ignore', 'ignore_ament_install']
[6.741s] Level 1:colcon.colcon_core.package_identification:_identify(log) by extension 'ignore'
[6.741s] Level 1:colcon.colcon_core.package_identification:_identify(log) ignored
[6.742s] Level 1:colcon.colcon_core.package_identification:_identify(src) by extensions ['ignore', 'ignore_ament_install']
[6.742s] Level 1:colcon.colcon_core.package_identification:_identify(src) by extension 'ignore'
[6.742s] Level 1:colcon.colcon_core.package_identification:_identify(src) by extension 'ignore_ament_install'
[6.742s] Level 1:colcon.colcon_core.package_identification:_identify(src) by extensions ['colcon_pkg']
[6.742s] Level 1:colcon.colcon_core.package_identification:_identify(src) by extension 'colcon_pkg'
[6.742s] Level 1:colcon.colcon_core.package_identification:_identify(src) by extensions ['colcon_meta']
[6.742s] Level 1:colcon.colcon_core.package_identification:_identify(src) by extension 'colcon_meta'
[6.742s] Level 1:colcon.colcon_core.package_identification:_identify(src) by extensions ['ros']
[6.742s] Level 1:colcon.colcon_core.package_identification:_identify(src) by extension 'ros'
[6.742s] Level 1:colcon.colcon_core.package_identification:_identify(src) by extensions ['cmake', 'python']
[6.742s] Level 1:colcon.colcon_core.package_identification:_identify(src) by extension 'cmake'
[6.742s] Level 1:colcon.colcon_core.package_identification:_identify(src) by extension 'python'
[6.742s] Level 1:colcon.colcon_core.package_identification:_identify(src) by extensions ['python_setup_py']
[6.742s] Level 1:colcon.colcon_core.package_identification:_identify(src) by extension 'python_setup_py'
[6.742s] Level 1:colcon.colcon_core.package_identification:_identify(src/perception_setup) by extensions ['ignore', 'ignore_ament_install']
[6.742s] Level 1:colcon.colcon_core.package_identification:_identify(src/perception_setup) by extension 'ignore'
[6.743s] Level 1:colcon.colcon_core.package_identification:_identify(src/perception_setup) by extension 'ignore_ament_install'
[6.743s] Level 1:colcon.colcon_core.package_identification:_identify(src/perception_setup) by extensions ['colcon_pkg']
[6.743s] Level 1:colcon.colcon_core.package_identification:_identify(src/perception_setup) by extension 'colcon_pkg'
[6.743s] Level 1:colcon.colcon_core.package_identification:_identify(src/perception_setup) by extensions ['colcon_meta']
[6.743s] Level 1:colcon.colcon_core.package_identification:_identify(src/perception_setup) by extension 'colcon_meta'
[6.743s] Level 1:colcon.colcon_core.package_identification:_identify(src/perception_setup) by extensions ['ros']
[6.743s] Level 1:colcon.colcon_core.package_identification:_identify(src/perception_setup) by extension 'ros'
[6.746s] DEBUG:colcon.colcon_core.package_identification:Package 'src/perception_setup' with type 'ros.ament_cmake' and name 'perception_setup'
[6.746s] Level 1:colcon.colcon_core.package_discovery:discover_packages(recursive) using defaults
[6.746s] Level 1:colcon.colcon_core.package_discovery:discover_packages(ignore) discover
[6.746s] Level 1:colcon.colcon_core.package_discovery:discover_packages(ignore) using defaults
[6.746s] Level 1:colcon.colcon_core.package_discovery:discover_packages(path) discover
[6.746s] Level 1:colcon.colcon_core.package_discovery:discover_packages(path) using defaults
[6.946s] Level 1:colcon.colcon_core.package_discovery:discover_packages(prefix_path) check parameters
[6.946s] Level 1:colcon.colcon_core.package_discovery:discover_packages(prefix_path) discover
[7.981s] DEBUG:colcon.colcon_installed_package_information.package_discovery:Found 107 installed packages in /home/mariamelsebaey/gp_ws/install
[8.447s] DEBUG:colcon.colcon_installed_package_information.package_discovery:Found 423 installed packages in /opt/ros/jazzy
[8.450s] Level 1:colcon.colcon_core.package_discovery:discover_packages(prefix_path) using defaults
[15.154s] Level 5:colcon.colcon_core.verb:set package 'perception_setup' build argument 'cmake_args' from command line to 'None'
[15.154s] Level 5:colcon.colcon_core.verb:set package 'perception_setup' build argument 'cmake_target' from command line to 'None'
[15.154s] Level 5:colcon.colcon_core.verb:set package 'perception_setup' build argument 'cmake_target_skip_unavailable' from command line to 'False'
[15.154s] Level 5:colcon.colcon_core.verb:set package 'perception_setup' build argument 'cmake_clean_cache' from command line to 'False'
[15.154s] Level 5:colcon.colcon_core.verb:set package 'perception_setup' build argument 'cmake_clean_first' from command line to 'False'
[15.154s] Level 5:colcon.colcon_core.verb:set package 'perception_setup' build argument 'cmake_force_configure' from command line to 'False'
[15.154s] Level 5:colcon.colcon_core.verb:set package 'perception_setup' build argument 'ament_cmake_args' from command line to 'None'
[15.154s] Level 5:colcon.colcon_core.verb:set package 'perception_setup' build argument 'catkin_cmake_args' from command line to 'None'
[15.154s] Level 5:colcon.colcon_core.verb:set package 'perception_setup' build argument 'catkin_skip_building_tests' from command line to 'False'
[15.154s] DEBUG:colcon.colcon_core.verb:Building package 'perception_setup' with the following arguments: {'ament_cmake_args': None, 'build_base': '/home/mariamelsebaey/gp_ws/src/visual_servo_perception/build/perception_setup', 'catkin_cmake_args': None, 'catkin_skip_building_tests': False, 'cmake_args': None, 'cmake_clean_cache': False, 'cmake_clean_first': False, 'cmake_force_configure': False, 'cmake_target': None, 'cmake_target_skip_unavailable': False, 'install_base': '/home/mariamelsebaey/gp_ws/src/visual_servo_perception/install/perception_setup', 'merge_install': False, 'path': '/home/mariamelsebaey/gp_ws/src/visual_servo_perception/src/perception_setup', 'symlink_install': False, 'test_result_base': None}
[15.154s] INFO:colcon.colcon_core.executor:Executing jobs using 'parallel' executor
[15.167s] DEBUG:colcon.colcon_parallel_executor.executor.parallel:run_until_complete
[15.167s] INFO:colcon.colcon_ros.task.ament_cmake.build:Building ROS package in '/home/mariamelsebaey/gp_ws/src/visual_servo_perception/src/perception_setup' with build type 'ament_cmake'
[15.167s] INFO:colcon.colcon_cmake.task.cmake.build:Building CMake package in '/home/mariamelsebaey/gp_ws/src/visual_servo_perception/src/perception_setup'
[15.256s] INFO:colcon.colcon_core.plugin_system:Skipping extension 'colcon_core.shell.bat': Not used on non-Windows systems
[15.256s] INFO:colcon.colcon_core.shell:Skip shell extension 'powershell' for command environment: Not usable outside of PowerShell
[15.257s] DEBUG:colcon.colcon_core.shell:Skip shell extension 'dsv' for command environment
[15.643s] DEBUG:colcon.colcon_core.event_handler.log_command:Invoking command in '/home/mariamelsebaey/gp_ws/src/visual_servo_perception/build/perception_setup': CMAKE_PREFIX_PATH=${CMAKE_PREFIX_PATH}:/home/mariamelsebaey/gp_ws/install/moveit_configs_utils:/opt/ros/jazzy DEBUGINFOD_URLS=https://debuginfod.ubuntu.com /usr/bin/cmake --build /home/mariamelsebaey/gp_ws/src/visual_servo_perception/build/perception_setup -- -j8 -l8
[20.209s] DEBUG:colcon.colcon_core.event_handler.log_command:Invoked command in '/home/mariamelsebaey/gp_ws/src/visual_servo_perception/build/perception_setup' returned '0': CMAKE_PREFIX_PATH=${CMAKE_PREFIX_PATH}:/home/mariamelsebaey/gp_ws/install/moveit_configs_utils:/opt/ros/jazzy DEBUGINFOD_URLS=https://debuginfod.ubuntu.com /usr/bin/cmake --build /home/mariamelsebaey/gp_ws/src/visual_servo_perception/build/perception_setup -- -j8 -l8
[20.223s] DEBUG:colcon.colcon_core.event_handler.log_command:Invoking command in '/home/mariamelsebaey/gp_ws/src/visual_servo_perception/build/perception_setup': CMAKE_PREFIX_PATH=${CMAKE_PREFIX_PATH}:/home/mariamelsebaey/gp_ws/install/moveit_configs_utils:/opt/ros/jazzy DEBUGINFOD_URLS=https://debuginfod.ubuntu.com /usr/bin/cmake --install /home/mariamelsebaey/gp_ws/src/visual_servo_perception/build/perception_setup
[20.238s] Level 1:colcon.colcon_core.environment:create_environment_scripts_only(perception_setup)
[20.238s] DEBUG:colcon.colcon_core.event_handler.log_command:Invoked command in '/home/mariamelsebaey/gp_ws/src/visual_servo_perception/build/perception_setup' returned '0': CMAKE_PREFIX_PATH=${CMAKE_PREFIX_PATH}:/home/mariamelsebaey/gp_ws/install/moveit_configs_utils:/opt/ros/jazzy DEBUGINFOD_URLS=https://debuginfod.ubuntu.com /usr/bin/cmake --install /home/mariamelsebaey/gp_ws/src/visual_servo_perception/build/perception_setup
[20.408s] Level 1:colcon.colcon_core.environment:checking '/home/mariamelsebaey/gp_ws/src/visual_servo_perception/install/perception_setup' for CMake module files
[20.409s] Level 1:colcon.colcon_core.environment:checking '/home/mariamelsebaey/gp_ws/src/visual_servo_perception/install/perception_setup' for CMake config files
[20.409s] Level 1:colcon.colcon_core.shell:create_environment_hook('perception_setup', 'cmake_prefix_path')
[20.409s] INFO:colcon.colcon_core.shell:Creating environment hook '/home/mariamelsebaey/gp_ws/src/visual_servo_perception/install/perception_setup/share/perception_setup/hook/cmake_prefix_path.ps1'
[20.427s] INFO:colcon.colcon_core.shell:Creating environment descriptor '/home/mariamelsebaey/gp_ws/src/visual_servo_perception/install/perception_setup/share/perception_setup/hook/cmake_prefix_path.dsv'
[20.449s] INFO:colcon.colcon_core.shell:Creating environment hook '/home/mariamelsebaey/gp_ws/src/visual_servo_perception/install/perception_setup/share/perception_setup/hook/cmake_prefix_path.sh'
[20.450s] Level 1:colcon.colcon_core.environment:checking '/home/mariamelsebaey/gp_ws/src/visual_servo_perception/install/perception_setup/lib'
[20.450s] Level 1:colcon.colcon_core.environment:checking '/home/mariamelsebaey/gp_ws/src/visual_servo_perception/install/perception_setup/bin'
[20.450s] Level 1:colcon.colcon_core.environment:checking '/home/mariamelsebaey/gp_ws/src/visual_servo_perception/install/perception_setup/lib/pkgconfig/perception_setup.pc'
[20.450s] Level 1:colcon.colcon_core.environment:checking '/home/mariamelsebaey/gp_ws/src/visual_servo_perception/install/perception_setup/lib/python3.12/site-packages'
[20.451s] Level 1:colcon.colcon_core.environment:checking '/home/mariamelsebaey/gp_ws/src/visual_servo_perception/install/perception_setup/bin'
[20.451s] INFO:colcon.colcon_core.shell:Creating package script '/home/mariamelsebaey/gp_ws/src/visual_servo_perception/install/perception_setup/share/perception_setup/package.ps1'
[20.452s] INFO:colcon.colcon_core.shell:Creating package descriptor '/home/mariamelsebaey/gp_ws/src/visual_servo_perception/install/perception_setup/share/perception_setup/package.dsv'
[20.453s] INFO:colcon.colcon_core.shell:Creating package script '/home/mariamelsebaey/gp_ws/src/visual_servo_perception/install/perception_setup/share/perception_setup/package.sh'
[20.453s] INFO:colcon.colcon_core.shell:Creating package script '/home/mariamelsebaey/gp_ws/src/visual_servo_perception/install/perception_setup/share/perception_setup/package.bash'
[20.465s] INFO:colcon.colcon_core.shell:Creating package script '/home/mariamelsebaey/gp_ws/src/visual_servo_perception/install/perception_setup/share/perception_setup/package.zsh'
[20.478s] Level 1:colcon.colcon_core.environment:create_file_with_runtime_dependencies(/home/mariamelsebaey/gp_ws/src/visual_servo_perception/install/perception_setup/share/colcon-core/packages/perception_setup)
[20.478s] Level 1:colcon.colcon_core.environment:create_environment_scripts_only(perception_setup)
[20.479s] Level 1:colcon.colcon_core.environment:checking '/home/mariamelsebaey/gp_ws/src/visual_servo_perception/install/perception_setup' for CMake module files
[20.479s] Level 1:colcon.colcon_core.environment:checking '/home/mariamelsebaey/gp_ws/src/visual_servo_perception/install/perception_setup' for CMake config files
[20.479s] Level 1:colcon.colcon_core.shell:create_environment_hook('perception_setup', 'cmake_prefix_path')
[20.480s] INFO:colcon.colcon_core.shell:Creating environment hook '/home/mariamelsebaey/gp_ws/src/visual_servo_perception/install/perception_setup/share/perception_setup/hook/cmake_prefix_path.ps1'
[20.480s] INFO:colcon.colcon_core.shell:Creating environment descriptor '/home/mariamelsebaey/gp_ws/src/visual_servo_perception/install/perception_setup/share/perception_setup/hook/cmake_prefix_path.dsv'
[20.480s] INFO:colcon.colcon_core.shell:Creating environment hook '/home/mariamelsebaey/gp_ws/src/visual_servo_perception/install/perception_setup/share/perception_setup/hook/cmake_prefix_path.sh'
[20.481s] Level 1:colcon.colcon_core.environment:checking '/home/mariamelsebaey/gp_ws/src/visual_servo_perception/install/perception_setup/lib'
[20.481s] Level 1:colcon.colcon_core.environment:checking '/home/mariamelsebaey/gp_ws/src/visual_servo_perception/install/perception_setup/bin'
[20.481s] Level 1:colcon.colcon_core.environment:checking '/home/mariamelsebaey/gp_ws/src/visual_servo_perception/install/perception_setup/lib/pkgconfig/perception_setup.pc'
[20.481s] Level 1:colcon.colcon_core.environment:checking '/home/mariamelsebaey/gp_ws/src/visual_servo_perception/install/perception_setup/lib/python3.12/site-packages'
[20.482s] Level 1:colcon.colcon_core.environment:checking '/home/mariamelsebaey/gp_ws/src/visual_servo_perception/install/perception_setup/bin'
[20.482s] INFO:colcon.colcon_core.shell:Creating package script '/home/mariamelsebaey/gp_ws/src/visual_servo_perception/install/perception_setup/share/perception_setup/package.ps1'
[20.483s] INFO:colcon.colcon_core.shell:Creating package descriptor '/home/mariamelsebaey/gp_ws/src/visual_servo_perception/install/perception_setup/share/perception_setup/package.dsv'
[20.483s] INFO:colcon.colcon_core.shell:Creating package script '/home/mariamelsebaey/gp_ws/src/visual_servo_perception/install/perception_setup/share/perception_setup/package.sh'
[20.483s] INFO:colcon.colcon_core.shell:Creating package script '/home/mariamelsebaey/gp_ws/src/visual_servo_perception/install/perception_setup/share/perception_setup/package.bash'
[20.484s] INFO:colcon.colcon_core.shell:Creating package script '/home/mariamelsebaey/gp_ws/src/visual_servo_perception/install/perception_setup/share/perception_setup/package.zsh'
[20.484s] Level 1:colcon.colcon_core.environment:create_file_with_runtime_dependencies(/home/mariamelsebaey/gp_ws/src/visual_servo_perception/install/perception_setup/share/colcon-core/packages/perception_setup)
[20.485s] DEBUG:colcon.colcon_parallel_executor.executor.parallel:closing loop
[20.485s] DEBUG:colcon.colcon_parallel_executor.executor.parallel:loop closed
[20.485s] DEBUG:colcon.colcon_parallel_executor.executor.parallel:run_until_complete finished with '0'
[20.485s] DEBUG:colcon.colcon_core.event_reactor:joining thread
[20.558s] INFO:colcon.colcon_core.plugin_system:Skipping extension 'colcon_notification.desktop_notification.terminal_notifier': Not used on non-Darwin systems
[20.558s] INFO:colcon.colcon_core.plugin_system:Skipping extension 'colcon_notification.desktop_notification.win32': Not used on non-Windows systems
[20.558s] INFO:colcon.colcon_notification.desktop_notification:Sending desktop notification using 'notify2'
[20.656s] DEBUG:colcon.colcon_core.event_reactor:joined thread
[20.656s] INFO:colcon.colcon_core.shell:Creating prefix script '/home/mariamelsebaey/gp_ws/src/visual_servo_perception/install/local_setup.ps1'
[20.685s] INFO:colcon.colcon_core.shell:Creating prefix util module '/home/mariamelsebaey/gp_ws/src/visual_servo_perception/install/_local_setup_util_ps1.py'
[20.693s] INFO:colcon.colcon_core.shell:Creating prefix chain script '/home/mariamelsebaey/gp_ws/src/visual_servo_perception/install/setup.ps1'
[20.700s] INFO:colcon.colcon_core.shell:Creating prefix script '/home/mariamelsebaey/gp_ws/src/visual_servo_perception/install/local_setup.sh'
[20.701s] INFO:colcon.colcon_core.shell:Creating prefix util module '/home/mariamelsebaey/gp_ws/src/visual_servo_perception/install/_local_setup_util_sh.py'
[20.702s] INFO:colcon.colcon_core.shell:Creating prefix chain script '/home/mariamelsebaey/gp_ws/src/visual_servo_perception/install/setup.sh'
[20.710s] INFO:colcon.colcon_core.shell:Creating prefix script '/home/mariamelsebaey/gp_ws/src/visual_servo_perception/install/local_setup.bash'
[20.727s] INFO:colcon.colcon_core.shell:Creating prefix chain script '/home/mariamelsebaey/gp_ws/src/visual_servo_perception/install/setup.bash'
[20.732s] INFO:colcon.colcon_core.shell:Creating prefix script '/home/mariamelsebaey/gp_ws/src/visual_servo_perception/install/local_setup.zsh'
[20.732s] INFO:colcon.colcon_core.shell:Creating prefix chain script '/home/mariamelsebaey/gp_ws/src/visual_servo_perception/install/setup.zsh'
