[0.346s] Invoking command in '/home/mariamelsebaey/gp_ws/src/visual_servo_perception/build/perception_setup': CMAKE_PREFIX_PATH=${CMAKE_PREFIX_PATH}:/home/mariamelsebaey/gp_ws/install/moveit_configs_utils:/opt/ros/jazzy DEBUGINFOD_URLS=https://debuginfod.ubuntu.com /usr/bin/cmake --build /home/mariamelsebaey/gp_ws/src/visual_servo_perception/build/perception_setup -- -j8 -l8
[1.835s] Invoked command in '/home/mariamelsebaey/gp_ws/src/visual_servo_perception/build/perception_setup' returned '0': CMAKE_PREFIX_PATH=${CMAKE_PREFIX_PATH}:/home/mariamelsebaey/gp_ws/install/moveit_configs_utils:/opt/ros/jazzy DEBUGINFOD_URLS=https://debuginfod.ubuntu.com /usr/bin/cmake --build /home/mariamelsebaey/gp_ws/src/visual_servo_perception/build/perception_setup -- -j8 -l8
[1.914s] Invoking command in '/home/mariamelsebaey/gp_ws/src/visual_servo_perception/build/perception_setup': CMAKE_PREFIX_PATH=${CMAKE_PREFIX_PATH}:/home/mariamelsebaey/gp_ws/install/moveit_configs_utils:/opt/ros/jazzy DEBUGINFOD_URLS=https://debuginfod.ubuntu.com /usr/bin/cmake --install /home/mariamelsebaey/gp_ws/src/visual_servo_perception/build/perception_setup
[1.943s] -- Install configuration: ""
[1.943s] -- Up-to-date: /home/mariamelsebaey/gp_ws/src/visual_servo_perception/install/perception_setup/lib/perception_setup/camera_driver.py
[1.943s] -- Up-to-date: /home/mariamelsebaey/gp_ws/src/visual_servo_perception/install/perception_setup/lib/perception_setup/feature_detection.py
[1.943s] -- Up-to-date: /home/mariamelsebaey/gp_ws/src/visual_servo_perception/install/perception_setup/lib/perception_setup/depth_estimation.py
[2.023s] -- Up-to-date: /home/mariamelsebaey/gp_ws/src/visual_servo_perception/install/perception_setup/lib/perception_setup/feature_detection_minimal.py
[2.023s] -- Up-to-date: /home/mariamelsebaey/gp_ws/src/visual_servo_perception/install/perception_setup/share/ament_index/resource_index/package_run_dependencies/perception_setup
[2.023s] -- Up-to-date: /home/mariamelsebaey/gp_ws/src/visual_servo_perception/install/perception_setup/share/ament_index/resource_index/parent_prefix_path/perception_setup
[2.023s] -- Up-to-date: /home/mariamelsebaey/gp_ws/src/visual_servo_perception/install/perception_setup/share/perception_setup/environment/ament_prefix_path.sh
[2.024s] -- Up-to-date: /home/mariamelsebaey/gp_ws/src/visual_servo_perception/install/perception_setup/share/perception_setup/environment/ament_prefix_path.dsv
[2.024s] -- Up-to-date: /home/mariamelsebaey/gp_ws/src/visual_servo_perception/install/perception_setup/share/perception_setup/environment/path.sh
[2.024s] -- Up-to-date: /home/mariamelsebaey/gp_ws/src/visual_servo_perception/install/perception_setup/share/perception_setup/environment/path.dsv
[2.024s] -- Up-to-date: /home/mariamelsebaey/gp_ws/src/visual_servo_perception/install/perception_setup/share/perception_setup/local_setup.bash
[2.024s] -- Up-to-date: /home/mariamelsebaey/gp_ws/src/visual_servo_perception/install/perception_setup/share/perception_setup/local_setup.sh
[2.024s] -- Up-to-date: /home/mariamelsebaey/gp_ws/src/visual_servo_perception/install/perception_setup/share/perception_setup/local_setup.zsh
[2.024s] -- Up-to-date: /home/mariamelsebaey/gp_ws/src/visual_servo_perception/install/perception_setup/share/perception_setup/local_setup.dsv
[2.024s] -- Installing: /home/mariamelsebaey/gp_ws/src/visual_servo_perception/install/perception_setup/share/perception_setup/package.dsv
[2.024s] -- Up-to-date: /home/mariamelsebaey/gp_ws/src/visual_servo_perception/install/perception_setup/share/ament_index/resource_index/packages/perception_setup
[2.024s] -- Up-to-date: /home/mariamelsebaey/gp_ws/src/visual_servo_perception/install/perception_setup/share/perception_setup/cmake/perception_setupConfig.cmake
[2.024s] -- Up-to-date: /home/mariamelsebaey/gp_ws/src/visual_servo_perception/install/perception_setup/share/perception_setup/cmake/perception_setupConfig-version.cmake
[2.025s] -- Up-to-date: /home/mariamelsebaey/gp_ws/src/visual_servo_perception/install/perception_setup/share/perception_setup/package.xml
[2.026s] Invoked command in '/home/mariamelsebaey/gp_ws/src/visual_servo_perception/build/perception_setup' returned '0': CMAKE_PREFIX_PATH=${CMAKE_PREFIX_PATH}:/home/mariamelsebaey/gp_ws/install/moveit_configs_utils:/opt/ros/jazzy DEBUGINFOD_URLS=https://debuginfod.ubuntu.com /usr/bin/cmake --install /home/mariamelsebaey/gp_ws/src/visual_servo_perception/build/perception_setup
