[0.416s] DEBUG:colcon:Command line arguments: ['/usr/bin/colcon', 'build', '--packages-select', 'perception_setup']
[0.416s] DEBUG:colcon:Parsed command line arguments: Namespace(log_base=None, log_level=None, verb_name='build', build_base='build', install_base='install', merge_install=False, symlink_install=False, test_result_base=None, continue_on_error=False, executor='parallel', parallel_workers=8, event_handlers=None, ignore_user_meta=False, metas=['./colcon.meta'], base_paths=['.'], packages_ignore=None, packages_ignore_regex=None, paths=None, packages_up_to=None, packages_up_to_regex=None, packages_above=None, packages_above_and_dependencies=None, packages_above_depth=None, packages_select_by_dep=None, packages_skip_by_dep=None, packages_skip_up_to=None, packages_select_build_failed=False, packages_skip_build_finished=False, packages_select_test_failures=False, packages_skip_test_passed=False, packages_select=['perception_setup'], packages_skip=None, packages_select_regex=None, packages_skip_regex=None, packages_start=None, packages_end=None, allow_overriding=[], cmake_args=None, cmake_target=None, cmake_target_skip_unavailable=False, cmake_clean_cache=False, cmake_clean_first=False, cmake_force_configure=False, ament_cmake_args=None, catkin_cmake_args=None, catkin_skip_building_tests=False, mixin_files=None, mixin=None, verb_parser=<colcon_mixin.mixin.mixin_argument.MixinArgumentDecorator object at 0x72efb8673ad0>, verb_extension=<colcon_core.verb.build.BuildVerb object at 0x72efb86737a0>, main=<bound method BuildVerb.main of <colcon_core.verb.build.BuildVerb object at 0x72efb86737a0>>, mixin_verb=('build',))
[0.562s] Level 1:colcon.colcon_core.package_discovery:discover_packages(colcon_meta) check parameters
[0.562s] Level 1:colcon.colcon_core.package_discovery:discover_packages(recursive) check parameters
[0.562s] Level 1:colcon.colcon_core.package_discovery:discover_packages(ignore) check parameters
[0.562s] Level 1:colcon.colcon_core.package_discovery:discover_packages(path) check parameters
[0.562s] Level 1:colcon.colcon_core.package_discovery:discover_packages(colcon_meta) discover
[0.562s] Level 1:colcon.colcon_core.package_discovery:discover_packages(recursive) discover
[0.562s] INFO:colcon.colcon_core.package_discovery:Crawling recursively for packages in '/home/mariamelsebaey/gp_ws/src/visual_servo_perception'
[0.563s] Level 1:colcon.colcon_core.package_identification:_identify(.) by extensions ['ignore', 'ignore_ament_install']
[0.563s] Level 1:colcon.colcon_core.package_identification:_identify(.) by extension 'ignore'
[0.563s] Level 1:colcon.colcon_core.package_identification:_identify(.) by extension 'ignore_ament_install'
[0.563s] Level 1:colcon.colcon_core.package_identification:_identify(.) by extensions ['colcon_pkg']
[0.563s] Level 1:colcon.colcon_core.package_identification:_identify(.) by extension 'colcon_pkg'
[0.563s] Level 1:colcon.colcon_core.package_identification:_identify(.) by extensions ['colcon_meta']
[0.563s] Level 1:colcon.colcon_core.package_identification:_identify(.) by extension 'colcon_meta'
[0.563s] Level 1:colcon.colcon_core.package_identification:_identify(.) by extensions ['ros']
[0.563s] Level 1:colcon.colcon_core.package_identification:_identify(.) by extension 'ros'
[0.684s] Level 1:colcon.colcon_core.package_identification:_identify(.) by extensions ['cmake', 'python']
[0.685s] Level 1:colcon.colcon_core.package_identification:_identify(.) by extension 'cmake'
[0.685s] Level 1:colcon.colcon_core.package_identification:_identify(.) by extension 'python'
[0.685s] Level 1:colcon.colcon_core.package_identification:_identify(.) by extensions ['python_setup_py']
[0.685s] Level 1:colcon.colcon_core.package_identification:_identify(.) by extension 'python_setup_py'
[0.685s] Level 1:colcon.colcon_core.package_identification:_identify(build) by extensions ['ignore', 'ignore_ament_install']
[0.685s] Level 1:colcon.colcon_core.package_identification:_identify(build) by extension 'ignore'
[0.685s] Level 1:colcon.colcon_core.package_identification:_identify(build) ignored
[0.685s] Level 1:colcon.colcon_core.package_identification:_identify(install) by extensions ['ignore', 'ignore_ament_install']
[0.685s] Level 1:colcon.colcon_core.package_identification:_identify(install) by extension 'ignore'
[0.685s] Level 1:colcon.colcon_core.package_identification:_identify(install) ignored
[0.685s] Level 1:colcon.colcon_core.package_identification:_identify(log) by extensions ['ignore', 'ignore_ament_install']
[0.685s] Level 1:colcon.colcon_core.package_identification:_identify(log) by extension 'ignore'
[0.686s] Level 1:colcon.colcon_core.package_identification:_identify(log) ignored
[0.686s] Level 1:colcon.colcon_core.package_identification:_identify(src) by extensions ['ignore', 'ignore_ament_install']
[0.686s] Level 1:colcon.colcon_core.package_identification:_identify(src) by extension 'ignore'
[0.686s] Level 1:colcon.colcon_core.package_identification:_identify(src) by extension 'ignore_ament_install'
[0.686s] Level 1:colcon.colcon_core.package_identification:_identify(src) by extensions ['colcon_pkg']
[0.686s] Level 1:colcon.colcon_core.package_identification:_identify(src) by extension 'colcon_pkg'
[0.686s] Level 1:colcon.colcon_core.package_identification:_identify(src) by extensions ['colcon_meta']
[0.686s] Level 1:colcon.colcon_core.package_identification:_identify(src) by extension 'colcon_meta'
[0.686s] Level 1:colcon.colcon_core.package_identification:_identify(src) by extensions ['ros']
[0.686s] Level 1:colcon.colcon_core.package_identification:_identify(src) by extension 'ros'
[0.686s] Level 1:colcon.colcon_core.package_identification:_identify(src) by extensions ['cmake', 'python']
[0.686s] Level 1:colcon.colcon_core.package_identification:_identify(src) by extension 'cmake'
[0.686s] Level 1:colcon.colcon_core.package_identification:_identify(src) by extension 'python'
[0.686s] Level 1:colcon.colcon_core.package_identification:_identify(src) by extensions ['python_setup_py']
[0.686s] Level 1:colcon.colcon_core.package_identification:_identify(src) by extension 'python_setup_py'
[0.686s] Level 1:colcon.colcon_core.package_identification:_identify(src/perception_setup) by extensions ['ignore', 'ignore_ament_install']
[0.686s] Level 1:colcon.colcon_core.package_identification:_identify(src/perception_setup) by extension 'ignore'
[0.686s] Level 1:colcon.colcon_core.package_identification:_identify(src/perception_setup) by extension 'ignore_ament_install'
[0.687s] Level 1:colcon.colcon_core.package_identification:_identify(src/perception_setup) by extensions ['colcon_pkg']
[0.687s] Level 1:colcon.colcon_core.package_identification:_identify(src/perception_setup) by extension 'colcon_pkg'
[0.687s] Level 1:colcon.colcon_core.package_identification:_identify(src/perception_setup) by extensions ['colcon_meta']
[0.687s] Level 1:colcon.colcon_core.package_identification:_identify(src/perception_setup) by extension 'colcon_meta'
[0.687s] Level 1:colcon.colcon_core.package_identification:_identify(src/perception_setup) by extensions ['ros']
[0.687s] Level 1:colcon.colcon_core.package_identification:_identify(src/perception_setup) by extension 'ros'
[0.689s] DEBUG:colcon.colcon_core.package_identification:Package 'src/perception_setup' with type 'ros.ament_cmake' and name 'perception_setup'
[0.690s] Level 1:colcon.colcon_core.package_discovery:discover_packages(recursive) using defaults
[0.690s] Level 1:colcon.colcon_core.package_discovery:discover_packages(ignore) discover
[0.690s] Level 1:colcon.colcon_core.package_discovery:discover_packages(ignore) using defaults
[0.690s] Level 1:colcon.colcon_core.package_discovery:discover_packages(path) discover
[0.690s] Level 1:colcon.colcon_core.package_discovery:discover_packages(path) using defaults
[0.824s] Level 1:colcon.colcon_core.package_discovery:discover_packages(prefix_path) check parameters
[0.824s] Level 1:colcon.colcon_core.package_discovery:discover_packages(prefix_path) discover
[0.834s] DEBUG:colcon.colcon_installed_package_information.package_discovery:Found 107 installed packages in /home/mariamelsebaey/gp_ws/install
[0.837s] DEBUG:colcon.colcon_installed_package_information.package_discovery:Found 423 installed packages in /opt/ros/jazzy
[0.839s] Level 1:colcon.colcon_core.package_discovery:discover_packages(prefix_path) using defaults
[1.882s] Level 5:colcon.colcon_core.verb:set package 'perception_setup' build argument 'cmake_args' from command line to 'None'
[1.882s] Level 5:colcon.colcon_core.verb:set package 'perception_setup' build argument 'cmake_target' from command line to 'None'
[1.882s] Level 5:colcon.colcon_core.verb:set package 'perception_setup' build argument 'cmake_target_skip_unavailable' from command line to 'False'
[1.882s] Level 5:colcon.colcon_core.verb:set package 'perception_setup' build argument 'cmake_clean_cache' from command line to 'False'
[1.883s] Level 5:colcon.colcon_core.verb:set package 'perception_setup' build argument 'cmake_clean_first' from command line to 'False'
[1.883s] Level 5:colcon.colcon_core.verb:set package 'perception_setup' build argument 'cmake_force_configure' from command line to 'False'
[1.883s] Level 5:colcon.colcon_core.verb:set package 'perception_setup' build argument 'ament_cmake_args' from command line to 'None'
[1.883s] Level 5:colcon.colcon_core.verb:set package 'perception_setup' build argument 'catkin_cmake_args' from command line to 'None'
[1.883s] Level 5:colcon.colcon_core.verb:set package 'perception_setup' build argument 'catkin_skip_building_tests' from command line to 'False'
[1.883s] DEBUG:colcon.colcon_core.verb:Building package 'perception_setup' with the following arguments: {'ament_cmake_args': None, 'build_base': '/home/mariamelsebaey/gp_ws/src/visual_servo_perception/build/perception_setup', 'catkin_cmake_args': None, 'catkin_skip_building_tests': False, 'cmake_args': None, 'cmake_clean_cache': False, 'cmake_clean_first': False, 'cmake_force_configure': False, 'cmake_target': None, 'cmake_target_skip_unavailable': False, 'install_base': '/home/mariamelsebaey/gp_ws/src/visual_servo_perception/install/perception_setup', 'merge_install': False, 'path': '/home/mariamelsebaey/gp_ws/src/visual_servo_perception/src/perception_setup', 'symlink_install': False, 'test_result_base': None}
[1.883s] INFO:colcon.colcon_core.executor:Executing jobs using 'parallel' executor
[1.884s] DEBUG:colcon.colcon_parallel_executor.executor.parallel:run_until_complete
[1.884s] INFO:colcon.colcon_ros.task.ament_cmake.build:Building ROS package in '/home/mariamelsebaey/gp_ws/src/visual_servo_perception/src/perception_setup' with build type 'ament_cmake'
[1.884s] INFO:colcon.colcon_cmake.task.cmake.build:Building CMake package in '/home/mariamelsebaey/gp_ws/src/visual_servo_perception/src/perception_setup'
[1.917s] INFO:colcon.colcon_core.plugin_system:Skipping extension 'colcon_core.shell.bat': Not used on non-Windows systems
[1.918s] INFO:colcon.colcon_core.shell:Skip shell extension 'powershell' for command environment: Not usable outside of PowerShell
[1.918s] DEBUG:colcon.colcon_core.shell:Skip shell extension 'dsv' for command environment
[1.982s] DEBUG:colcon.colcon_core.event_handler.log_command:Invoking command in '/home/mariamelsebaey/gp_ws/src/visual_servo_perception/build/perception_setup': CMAKE_PREFIX_PATH=${CMAKE_PREFIX_PATH}:/home/mariamelsebaey/gp_ws/install/moveit_configs_utils:/opt/ros/jazzy DEBUGINFOD_URLS=https://debuginfod.ubuntu.com /usr/bin/cmake --build /home/mariamelsebaey/gp_ws/src/visual_servo_perception/build/perception_setup -- -j8 -l8
[2.374s] DEBUG:colcon.colcon_core.event_handler.log_command:Invoked command in '/home/mariamelsebaey/gp_ws/src/visual_servo_perception/build/perception_setup' returned '0': CMAKE_PREFIX_PATH=${CMAKE_PREFIX_PATH}:/home/mariamelsebaey/gp_ws/install/moveit_configs_utils:/opt/ros/jazzy DEBUGINFOD_URLS=https://debuginfod.ubuntu.com /usr/bin/cmake --build /home/mariamelsebaey/gp_ws/src/visual_servo_perception/build/perception_setup -- -j8 -l8
[2.409s] DEBUG:colcon.colcon_core.event_handler.log_command:Invoking command in '/home/mariamelsebaey/gp_ws/src/visual_servo_perception/build/perception_setup': CMAKE_PREFIX_PATH=${CMAKE_PREFIX_PATH}:/home/mariamelsebaey/gp_ws/install/moveit_configs_utils:/opt/ros/jazzy DEBUGINFOD_URLS=https://debuginfod.ubuntu.com /usr/bin/cmake --install /home/mariamelsebaey/gp_ws/src/visual_servo_perception/build/perception_setup
[2.423s] Level 1:colcon.colcon_core.environment:create_environment_scripts_only(perception_setup)
[2.424s] DEBUG:colcon.colcon_core.event_handler.log_command:Invoked command in '/home/mariamelsebaey/gp_ws/src/visual_servo_perception/build/perception_setup' returned '0': CMAKE_PREFIX_PATH=${CMAKE_PREFIX_PATH}:/home/mariamelsebaey/gp_ws/install/moveit_configs_utils:/opt/ros/jazzy DEBUGINFOD_URLS=https://debuginfod.ubuntu.com /usr/bin/cmake --install /home/mariamelsebaey/gp_ws/src/visual_servo_perception/build/perception_setup
[2.468s] Level 1:colcon.colcon_core.environment:checking '/home/mariamelsebaey/gp_ws/src/visual_servo_perception/install/perception_setup' for CMake module files
[2.468s] Level 1:colcon.colcon_core.environment:checking '/home/mariamelsebaey/gp_ws/src/visual_servo_perception/install/perception_setup' for CMake config files
[2.469s] Level 1:colcon.colcon_core.shell:create_environment_hook('perception_setup', 'cmake_prefix_path')
[2.469s] INFO:colcon.colcon_core.shell:Creating environment hook '/home/mariamelsebaey/gp_ws/src/visual_servo_perception/install/perception_setup/share/perception_setup/hook/cmake_prefix_path.ps1'
[2.469s] INFO:colcon.colcon_core.shell:Creating environment descriptor '/home/mariamelsebaey/gp_ws/src/visual_servo_perception/install/perception_setup/share/perception_setup/hook/cmake_prefix_path.dsv'
[2.483s] INFO:colcon.colcon_core.shell:Creating environment hook '/home/mariamelsebaey/gp_ws/src/visual_servo_perception/install/perception_setup/share/perception_setup/hook/cmake_prefix_path.sh'
[2.484s] Level 1:colcon.colcon_core.environment:checking '/home/mariamelsebaey/gp_ws/src/visual_servo_perception/install/perception_setup/lib'
[2.484s] Level 1:colcon.colcon_core.environment:checking '/home/mariamelsebaey/gp_ws/src/visual_servo_perception/install/perception_setup/bin'
[2.484s] Level 1:colcon.colcon_core.environment:checking '/home/mariamelsebaey/gp_ws/src/visual_servo_perception/install/perception_setup/lib/pkgconfig/perception_setup.pc'
[2.485s] Level 1:colcon.colcon_core.environment:checking '/home/mariamelsebaey/gp_ws/src/visual_servo_perception/install/perception_setup/lib/python3.12/site-packages'
[2.485s] Level 1:colcon.colcon_core.environment:checking '/home/mariamelsebaey/gp_ws/src/visual_servo_perception/install/perception_setup/bin'
[2.485s] INFO:colcon.colcon_core.shell:Creating package script '/home/mariamelsebaey/gp_ws/src/visual_servo_perception/install/perception_setup/share/perception_setup/package.ps1'
[2.486s] INFO:colcon.colcon_core.shell:Creating package descriptor '/home/mariamelsebaey/gp_ws/src/visual_servo_perception/install/perception_setup/share/perception_setup/package.dsv'
[2.487s] INFO:colcon.colcon_core.shell:Creating package script '/home/mariamelsebaey/gp_ws/src/visual_servo_perception/install/perception_setup/share/perception_setup/package.sh'
[2.488s] INFO:colcon.colcon_core.shell:Creating package script '/home/mariamelsebaey/gp_ws/src/visual_servo_perception/install/perception_setup/share/perception_setup/package.bash'
[2.488s] INFO:colcon.colcon_core.shell:Creating package script '/home/mariamelsebaey/gp_ws/src/visual_servo_perception/install/perception_setup/share/perception_setup/package.zsh'
[2.501s] Level 1:colcon.colcon_core.environment:create_file_with_runtime_dependencies(/home/mariamelsebaey/gp_ws/src/visual_servo_perception/install/perception_setup/share/colcon-core/packages/perception_setup)
[2.501s] Level 1:colcon.colcon_core.environment:create_environment_scripts_only(perception_setup)
[2.502s] Level 1:colcon.colcon_core.environment:checking '/home/mariamelsebaey/gp_ws/src/visual_servo_perception/install/perception_setup' for CMake module files
[2.502s] Level 1:colcon.colcon_core.environment:checking '/home/mariamelsebaey/gp_ws/src/visual_servo_perception/install/perception_setup' for CMake config files
[2.502s] Level 1:colcon.colcon_core.shell:create_environment_hook('perception_setup', 'cmake_prefix_path')
[2.503s] INFO:colcon.colcon_core.shell:Creating environment hook '/home/mariamelsebaey/gp_ws/src/visual_servo_perception/install/perception_setup/share/perception_setup/hook/cmake_prefix_path.ps1'
[2.503s] INFO:colcon.colcon_core.shell:Creating environment descriptor '/home/mariamelsebaey/gp_ws/src/visual_servo_perception/install/perception_setup/share/perception_setup/hook/cmake_prefix_path.dsv'
[2.503s] INFO:colcon.colcon_core.shell:Creating environment hook '/home/mariamelsebaey/gp_ws/src/visual_servo_perception/install/perception_setup/share/perception_setup/hook/cmake_prefix_path.sh'
[2.504s] Level 1:colcon.colcon_core.environment:checking '/home/mariamelsebaey/gp_ws/src/visual_servo_perception/install/perception_setup/lib'
[2.504s] Level 1:colcon.colcon_core.environment:checking '/home/mariamelsebaey/gp_ws/src/visual_servo_perception/install/perception_setup/bin'
[2.504s] Level 1:colcon.colcon_core.environment:checking '/home/mariamelsebaey/gp_ws/src/visual_servo_perception/install/perception_setup/lib/pkgconfig/perception_setup.pc'
[2.504s] Level 1:colcon.colcon_core.environment:checking '/home/mariamelsebaey/gp_ws/src/visual_servo_perception/install/perception_setup/lib/python3.12/site-packages'
[2.505s] Level 1:colcon.colcon_core.environment:checking '/home/mariamelsebaey/gp_ws/src/visual_servo_perception/install/perception_setup/bin'
[2.505s] INFO:colcon.colcon_core.shell:Creating package script '/home/mariamelsebaey/gp_ws/src/visual_servo_perception/install/perception_setup/share/perception_setup/package.ps1'
[2.505s] INFO:colcon.colcon_core.shell:Creating package descriptor '/home/mariamelsebaey/gp_ws/src/visual_servo_perception/install/perception_setup/share/perception_setup/package.dsv'
[2.506s] INFO:colcon.colcon_core.shell:Creating package script '/home/mariamelsebaey/gp_ws/src/visual_servo_perception/install/perception_setup/share/perception_setup/package.sh'
[2.506s] INFO:colcon.colcon_core.shell:Creating package script '/home/mariamelsebaey/gp_ws/src/visual_servo_perception/install/perception_setup/share/perception_setup/package.bash'
[2.507s] INFO:colcon.colcon_core.shell:Creating package script '/home/mariamelsebaey/gp_ws/src/visual_servo_perception/install/perception_setup/share/perception_setup/package.zsh'
[2.507s] Level 1:colcon.colcon_core.environment:create_file_with_runtime_dependencies(/home/mariamelsebaey/gp_ws/src/visual_servo_perception/install/perception_setup/share/colcon-core/packages/perception_setup)
[2.507s] DEBUG:colcon.colcon_parallel_executor.executor.parallel:closing loop
[2.508s] DEBUG:colcon.colcon_parallel_executor.executor.parallel:loop closed
[2.508s] DEBUG:colcon.colcon_parallel_executor.executor.parallel:run_until_complete finished with '0'
[2.508s] DEBUG:colcon.colcon_core.event_reactor:joining thread
[2.597s] INFO:colcon.colcon_core.plugin_system:Skipping extension 'colcon_notification.desktop_notification.terminal_notifier': Not used on non-Darwin systems
[2.597s] INFO:colcon.colcon_core.plugin_system:Skipping extension 'colcon_notification.desktop_notification.win32': Not used on non-Windows systems
[2.597s] INFO:colcon.colcon_notification.desktop_notification:Sending desktop notification using 'notify2'
[2.646s] DEBUG:colcon.colcon_core.event_reactor:joined thread
[2.646s] INFO:colcon.colcon_core.shell:Creating prefix script '/home/mariamelsebaey/gp_ws/src/visual_servo_perception/install/local_setup.ps1'
[2.673s] INFO:colcon.colcon_core.shell:Creating prefix util module '/home/mariamelsebaey/gp_ws/src/visual_servo_perception/install/_local_setup_util_ps1.py'
[2.674s] INFO:colcon.colcon_core.shell:Creating prefix chain script '/home/mariamelsebaey/gp_ws/src/visual_servo_perception/install/setup.ps1'
[2.678s] INFO:colcon.colcon_core.shell:Creating prefix script '/home/mariamelsebaey/gp_ws/src/visual_servo_perception/install/local_setup.sh'
[2.679s] INFO:colcon.colcon_core.shell:Creating prefix util module '/home/mariamelsebaey/gp_ws/src/visual_servo_perception/install/_local_setup_util_sh.py'
[2.680s] INFO:colcon.colcon_core.shell:Creating prefix chain script '/home/mariamelsebaey/gp_ws/src/visual_servo_perception/install/setup.sh'
[2.684s] INFO:colcon.colcon_core.shell:Creating prefix script '/home/mariamelsebaey/gp_ws/src/visual_servo_perception/install/local_setup.bash'
[2.700s] INFO:colcon.colcon_core.shell:Creating prefix chain script '/home/mariamelsebaey/gp_ws/src/visual_servo_perception/install/setup.bash'
[2.704s] INFO:colcon.colcon_core.shell:Creating prefix script '/home/mariamelsebaey/gp_ws/src/visual_servo_perception/install/local_setup.zsh'
[2.705s] INFO:colcon.colcon_core.shell:Creating prefix chain script '/home/mariamelsebaey/gp_ws/src/visual_servo_perception/install/setup.zsh'
