[0.161s] Invoking command in '/home/mariamelsebaey/gp_ws/src/visual_servo_perception/build/perception_setup': CMAKE_PREFIX_PATH=${CMAKE_PREFIX_PATH}:/home/mariamelsebaey/gp_ws/install/moveit_configs_utils:/opt/ros/jazzy DEBUGINFOD_URLS=https://debuginfod.ubuntu.com /usr/bin/cmake --build /home/mariamelsebaey/gp_ws/src/visual_servo_perception/build/perception_setup -- -j8 -l8
[0.937s] Invoked command in '/home/mariamelsebaey/gp_ws/src/visual_servo_perception/build/perception_setup' returned '0': CMAKE_PREFIX_PATH=${CMAKE_PREFIX_PATH}:/home/mariamelsebaey/gp_ws/install/moveit_configs_utils:/opt/ros/jazzy DEBUGINFOD_URLS=https://debuginfod.ubuntu.com /usr/bin/cmake --build /home/mariamelsebaey/gp_ws/src/visual_servo_perception/build/perception_setup -- -j8 -l8
[0.971s] Invoking command in '/home/mariamelsebaey/gp_ws/src/visual_servo_perception/build/perception_setup': CMAKE_PREFIX_PATH=${CMAKE_PREFIX_PATH}:/home/mariamelsebaey/gp_ws/install/moveit_configs_utils:/opt/ros/jazzy DEBUGINFOD_URLS=https://debuginfod.ubuntu.com /usr/bin/cmake --install /home/mariamelsebaey/gp_ws/src/visual_servo_perception/build/perception_setup
[0.984s] -- Install configuration: ""
[0.984s] -- Up-to-date: /home/mariamelsebaey/gp_ws/src/visual_servo_perception/install/perception_setup/lib/perception_setup/camera_driver.py
[0.984s] -- Up-to-date: /home/mariamelsebaey/gp_ws/src/visual_servo_perception/install/perception_setup/lib/perception_setup/feature_detection.py
[0.984s] -- Up-to-date: /home/mariamelsebaey/gp_ws/src/visual_servo_perception/install/perception_setup/lib/perception_setup/depth_estimation.py
[0.984s] -- Up-to-date: /home/mariamelsebaey/gp_ws/src/visual_servo_perception/install/perception_setup/share/ament_index/resource_index/package_run_dependencies/perception_setup
[0.984s] -- Up-to-date: /home/mariamelsebaey/gp_ws/src/visual_servo_perception/install/perception_setup/share/ament_index/resource_index/parent_prefix_path/perception_setup
[0.984s] -- Up-to-date: /home/mariamelsebaey/gp_ws/src/visual_servo_perception/install/perception_setup/share/perception_setup/environment/ament_prefix_path.sh
[0.984s] -- Up-to-date: /home/mariamelsebaey/gp_ws/src/visual_servo_perception/install/perception_setup/share/perception_setup/environment/ament_prefix_path.dsv
[0.984s] -- Up-to-date: /home/mariamelsebaey/gp_ws/src/visual_servo_perception/install/perception_setup/share/perception_setup/environment/path.sh
[0.984s] -- Up-to-date: /home/mariamelsebaey/gp_ws/src/visual_servo_perception/install/perception_setup/share/perception_setup/environment/path.dsv
[0.985s] -- Up-to-date: /home/mariamelsebaey/gp_ws/src/visual_servo_perception/install/perception_setup/share/perception_setup/local_setup.bash
[0.985s] -- Up-to-date: /home/mariamelsebaey/gp_ws/src/visual_servo_perception/install/perception_setup/share/perception_setup/local_setup.sh
[0.985s] -- Up-to-date: /home/mariamelsebaey/gp_ws/src/visual_servo_perception/install/perception_setup/share/perception_setup/local_setup.zsh
[0.985s] -- Up-to-date: /home/mariamelsebaey/gp_ws/src/visual_servo_perception/install/perception_setup/share/perception_setup/local_setup.dsv
[0.985s] -- Installing: /home/mariamelsebaey/gp_ws/src/visual_servo_perception/install/perception_setup/share/perception_setup/package.dsv
[1.001s] -- Up-to-date: /home/mariamelsebaey/gp_ws/src/visual_servo_perception/install/perception_setup/share/ament_index/resource_index/packages/perception_setup
[1.001s] -- Up-to-date: /home/mariamelsebaey/gp_ws/src/visual_servo_perception/install/perception_setup/share/perception_setup/cmake/perception_setupConfig.cmake
[1.001s] -- Up-to-date: /home/mariamelsebaey/gp_ws/src/visual_servo_perception/install/perception_setup/share/perception_setup/cmake/perception_setupConfig-version.cmake
[1.001s] -- Up-to-date: /home/mariamelsebaey/gp_ws/src/visual_servo_perception/install/perception_setup/share/perception_setup/package.xml
[1.003s] Invoked command in '/home/mariamelsebaey/gp_ws/src/visual_servo_perception/build/perception_setup' returned '0': CMAKE_PREFIX_PATH=${CMAKE_PREFIX_PATH}:/home/mariamelsebaey/gp_ws/install/moveit_configs_utils:/opt/ros/jazzy DEBUGINFOD_URLS=https://debuginfod.ubuntu.com /usr/bin/cmake --install /home/mariamelsebaey/gp_ws/src/visual_servo_perception/build/perception_setup
